Application is running with Unicode string encoding.
pglSetStatus::   Pgl Session Initialize (INFO MESSAGE)
Valid file wpplibs.cmp with extension cmp was not found in any of CURRENT_DIR,PROJ_LANG_TEXT_DIR,PROJ_TEXT_DIR,CUSTOM_LOCALE_FONT_DIR,APP_LANG_TEXT_DIR,APP_TEXT_DIR,PRO_LANG_TEXT_DIR,PRO_TEXT_DIR,MACHINE_LANG_TEXT_DIR,MACHINE_TEXT_DIR,PRO_FONT_DIR
Valid file msgtxt.del with extension del was not found in any of CURRENT_DIR,PROJ_LANG_TEXT_DIR,PROJ_TEXT_DIR,USER_TEXT_DIR,CUSTOM_LOCALE_FONT_DIR,APP_LANG_TEXT_DIR,APP_TEXT_DIR,PRO_LANG_TEXT_DIR,PRO_TEXT_DIR,MACHINE_LANG_TEXT_DIR,PRO_FONT_DIR
Valid file mdgtxt.add with extension add was not found in any of CURRENT_DIR,PROJ_LANG_TEXT_DIR,PROJ_TEXT_DIR,USER_TEXT_DIR,CUSTOM_LOCALE_FONT_DIR,APP_LANG_TEXT_DIR,APP_TEXT_DIR,PRO_LANG_TEXT_DIR,PRO_TEXT_DIR,MACHINE_LANG_TEXT_DIR,PRO_FONT_DIR
Valid file wpplibs.cmp with extension cmp was not found in any of CURRENT_DIR,PROJ_LANG_TEXT_DIR,PROJ_TEXT_DIR,CUSTOM_LOCALE_FONT_DIR,APP_LANG_TEXT_DIR,APP_TEXT_DIR,PRO_LANG_TEXT_DIR,PRO_TEXT_DIR,MACHINE_LANG_TEXT_DIR,MACHINE_TEXT_DIR,PRO_FONT_DIR
Valid file msgtxt.del with extension del was not found in any of CURRENT_DIR,PROJ_LANG_TEXT_DIR,PROJ_TEXT_DIR,USER_TEXT_DIR,CUSTOM_LOCALE_FONT_DIR,APP_LANG_TEXT_DIR,APP_TEXT_DIR,PRO_LANG_TEXT_DIR,PRO_TEXT_DIR,MACHINE_LANG_TEXT_DIR,PRO_FONT_DIR
Valid file mdgtxt.add with extension add was not found in any of CURRENT_DIR,PROJ_LANG_TEXT_DIR,PROJ_TEXT_DIR,USER_TEXT_DIR,CUSTOM_LOCALE_FONT_DIR,APP_LANG_TEXT_DIR,APP_TEXT_DIR,PRO_LANG_TEXT_DIR,PRO_TEXT_DIR,MACHINE_LANG_TEXT_DIR,PRO_FONT_DIR
uit_get_visual_style_low:  Style is PTC Creo 4 (INFO MESSAGE)
W : pro_bind : attempt to bind function "is_creo_internal_name" , which is already bound
W : pro_bind : attempt to bind function "get_name_list_id" , which is already bound
creo_ZBFetcher::OnZbrowserServiceAvailable:  Signal tc_tag: ZBROWSER_AVAILABLE_TAG (INFO MESSAGE)
GalleryBaseWdg::GalleryBaseWdg:  Activate command of 'ProCmdDwgTblFromGallery' should be type uiCmdTypeNone (INFO MESSAGE)
GalleryBaseWdg::GalleryBaseWdg:  Activate command of 'ProCmdCEFormatsGallery' should be type uiCmdTypeNone (INFO MESSAGE)
GalleryBaseWdg::GalleryBaseWdg:  Activate command of 'ProCmdCEFltFormatsGallery' should be type uiCmdTypeNone (INFO MESSAGE)
ProCmdSelBufferAttrSet():  Can't to find the command: ProCmdFaceted (INFO MESSAGE)
ProCmdSelBufferAttrSet():  Selection Buffer Attribute loaded 57 commands (INFO MESSAGE)
GalleryBaseWdg::GalleryBaseWdg:  Activate command of 'ProCmdMankSelGalPostr' should be type uiCmdTypeNone (INFO MESSAGE)
uit_CmdUiLoadIfNeeded:  The size of image 'symbol_galery_large.png' is not valid ('32x32') in short resource 'procmdpmaoptsymlib.res' (INFO MESSAGE)
uit_CmdUiLoadIfNeeded:  The size of image 'symbol_reference_large.png' is not valid ('32x32') in short resource 'procmdpmapushsymreferences.res' (INFO MESSAGE)
GalleryBaseWdg::GalleryBaseWdg:  Activate command of 'ProCmdPmaOptSymLib' should be type uiCmdTypeNone (INFO MESSAGE)
GalleryBaseWdg::GalleryBaseWdg:  Activate command of 'ProCmdPmaCascadeHatchLib' should be type uiCmdTypeNone (INFO MESSAGE)
GalleryBaseWdg::GalleryBaseWdg:  Activate command of 'ProCmdPmaOptSurfFinLib' should be type uiCmdTypeNone (INFO MESSAGE)
UitGroupItem::initVertCells:  The maximum group height has been increased to 78 (INFO MESSAGE)
ugc_check_version_dbtype:  file 67 != expected 7 (INFO MESSAGE)
addHints:  adding NO_STS_TRANSACTION (INFO MESSAGE)
zTocMgr::internal_maybe_open:  hint is NO_STS_TRANSACTION (INFO MESSAGE)
ugc_check_version_dbtype:  file 67 != expected 7 (INFO MESSAGE)
addHints:  adding NO_STS_TRANSACTION (INFO MESSAGE)
zTocMgr::internal_maybe_open:  hint is NO_STS_TRANSACTION (INFO MESSAGE)
ULC::LoadLow:  The customization file is being read from C:\Users\e1774126\AppData\Roaming\PTC\ProENGINEER\Wildfire\.wf\.Settings\creo_parametric_customization.ui (INFO MESSAGE)
uit_CmdUiLoadIfNeeded:  The size of image 'procmdsimzip_large.png' is not valid ('32x32') in short resource 'procmdsimintegexportapr.res' (INFO MESSAGE)
uit_CmdUiLoadIfNeeded:  The size of image 'procmdsimzip_large.png' is not valid ('32x32') in short resource 'procmdsimintegexportdscodat.res' (INFO MESSAGE)
uit_CmdUiLoadIfNeeded:  The size of image '3D_web_print_large' is not valid ('32x32') in short resource 'procmd3dprintorder.res' (INFO MESSAGE)
uit_CmdUiLoadIfNeeded:  The size of image 'start_session_large.bif' is not valid ('32x32') in short resource 'procmdstartexperiment.res' (INFO MESSAGE)
pglSetStatus::   PglWindowEndNoGraphics: Not in nographics mode. (INFO MESSAGE)

 run mode = 2
cadds5_link_app_path_name():  NuTCRACKER is not installed (INFO MESSAGE)
check_exec_file_accessible_():  C:\Program Files\PTC\Creo 10.0.3.0\Common Files\\x86e_win64\obj\SWToPro.exe accessible (INFO MESSAGE)
check_exec_file_accessible_():  C:\Program Files\PTC\Creo 10.0.3.0\Common Files\\x86e_win64\obj\SeodxToPro.exe accessible (INFO MESSAGE)
PFSTMakeTypeString:  no zip found (INFO MESSAGE)
uit_get_visual_style_low:  Style is PTC Creo 4 Lighter (INFO MESSAGE)
UitGroupItem::initVertCells:  The maximum group height has been increased to 78 (INFO MESSAGE)
uit_CmdUiLoadIfNeeded:  Can't find a resource ProCmdApplMenuDbgInfo. (INFO MESSAGE)
AdbPage::buildSizeStateTable:  Can't build Size State Table for page 'home_File' (INFO MESSAGE)
ResizeControlWdg::resizeContainerHorz:  Can't resize the control bar properly (INFO MESSAGE)
pro_locate_colormap ()
located color definition C:\Program Files\PTC\Creo 10.0.3.0\Common Files\graphic-library\appearances\appearance.dmt
pro_locate_colormap ()
located color definition C:\Program Files\PTC\Creo 10.0.3.0\Common Files\graphic-library\appearances\global.dmt
pro_locate_colormap ()
located Default color definition C:\Program Files\PTC\Creo 10.0.3.0\Common Files\graphic-library\appearances\default.dmt
creoapp_get_root_info:  no active workspace (INFO MESSAGE)
creoapp_get_root_info:  no workspace for 0 (INFO MESSAGE)
creoapp_get_root_info:  no roots? (INFO MESSAGE)
zstDummyCreoPI::setModified:  setting group_index = 0 modified (INFO MESSAGE)
pro_notification_remove:  failed to find func to remove (INFO MESSAGE)
pglSetStatus::   Pgl Session Terminate (INFO MESSAGE)
